<component name="libraryTable">
  <library name="junit单元测试">
    <CLASSES>
      <root url="file://$PROJECT_DIR$/../../Java/junit单元测试" />
    </CLASSES>
    <JAVADOC />
    <SOURCES />
    <jarDirectory url="file://$PROJECT_DIR$/../../Java/junit单元测试" recursive="false" />
  </library>
</component>